#
# A fatal error has been detected by the Java Runtime Environment:
#
#  EXCEPTION_ACCESS_VIOLATION (0xc0000005) at pc=0x00007ff85b6fd169, pid=14872, tid=6372
#
# JRE version: OpenJDK Runtime Environment Temurin-11.0.16.1+1 (11.0.16.1+1) (build 11.0.16.1+1)
# Java VM: OpenJDK 64-Bit Server VM Temurin-11.0.16.1+1 (11.0.16.1+1, mixed mode, tiered, compressed oops, g1 gc, windows-amd64)
# Problematic frame:
# C  [ig11icd64.dll+0x56d169]
#
# No core dump will be written. Minidumps are not enabled by default on client versions of Windows
#
# If you would like to submit a bug report, please visit:
#   https://github.com/adoptium/adoptium-support/issues
#

---------------  S U M M A R Y ------------

Command Line: -Duser.language=es_ES -Dfile.encoding=UTF-8 org.uqbar.project.wollok.launch.WollokLauncher -requestsPort 0 -eventsPort 0 -folder -dontValidate -wf src/juego.wpgm

Host: Intel(R) Core(TM) i5-1035G4 CPU @ 1.10GHz, 8 cores, 7G,  Windows 10 , 64 bit Build 19041 (10.0.19041.1889)
Time: Mon Oct 10 18:35:11 2022 Hora estándar de Argentina elapsed time: 4.754407 seconds (0d 0h 0m 4s)

---------------  T H R E A D  ---------------

Current thread (0x000001ace5b5e800):  VMThread "VM Thread" [stack: 0x000000514a600000,0x000000514a700000] [id=6372]

Stack: [0x000000514a600000,0x000000514a700000],  sp=0x000000514a6fe4d0,  free space=1017k
Native frames: (J=compiled Java code, j=interpreted, Vv=VM code, C=native code)
C  [ig11icd64.dll+0x56d169]


siginfo: EXCEPTION_ACCESS_VIOLATION (0xc0000005), reading address 0x0000000000035378


Register to memory mapping:

RIP=0x00007ff85b6fd169 ig11icd64.dll
RAX=0x000001acebecd770 points into unknown readable memory: 0x00000000000000bc | bc 00 00 00 00 00 00 00
RBX=0x000001acebecd680 points into unknown readable memory: 0x000001acea84bec0 | c0 be 84 ea ac 01 00 00
RCX=0x0 is NULL
RDX=0x000001acebecd770 points into unknown readable memory: 0x00000000000000bc | bc 00 00 00 00 00 00 00
RSP=0x000000514a6fe4d0 points into unknown readable memory: 0x000001ace9935740 | 40 57 93 e9 ac 01 00 00
RBP=0x000001acebecb970 points into unknown readable memory: 0x000001acea84bec0 | c0 be 84 ea ac 01 00 00
RSI=0x000001acebecdbb8 points into unknown readable memory: 0x000001acebecb970 | 70 b9 ec eb ac 01 00 00
RDI=0x000001ace6e992d0 points into unknown readable memory: 0x00007ff908ea2e00 | 00 2e ea 08 f9 7f 00 00
R8 =0x0000000000000014 is an unknown value
R9 =0x0 is NULL
R10=0x0 is NULL
R11=0x0000000000000246 is an unknown value
R12=0x0 is NULL
R13=0x0 is NULL
R14=0x0 is NULL
R15=0x0 is NULL


Registers:
RAX=0x000001acebecd770, RBX=0x000001acebecd680, RCX=0x0000000000000000, RDX=0x000001acebecd770
RSP=0x000000514a6fe4d0, RBP=0x000001acebecb970, RSI=0x000001acebecdbb8, RDI=0x000001ace6e992d0
R8 =0x0000000000000014, R9 =0x0000000000000000, R10=0x0000000000000000, R11=0x0000000000000246
R12=0x0000000000000000, R13=0x0000000000000000, R14=0x0000000000000000, R15=0x0000000000000000
RIP=0x00007ff85b6fd169, EFLAGS=0x0000000000010202

Top of Stack: (sp=0x000000514a6fe4d0)
0x000000514a6fe4d0:   000001ace9935740 00000001f46857d4
0x000000514a6fe4e0:   000000514a6fe518 0000005400000000
0x000000514a6fe4f0:   00007ff85c0eb740 0000000000000000
0x000000514a6fe500:   000001aceaf990d0 0000000000000078
0x000000514a6fe510:   0000000000000000 00007ff85b6de3ea
0x000000514a6fe520:   000001ace9935740 000001ace6e992d0
0x000000514a6fe530:   000000514a6fe620 00000000000004ae
0x000000514a6fe540:   0000005100003e10 00007ff800000000
0x000000514a6fe550:   0000000000000000 0000000000000000
0x000000514a6fe560:   0000000000000000 0000000000000000
0x000000514a6fe570:   0000000000140012 00007ff904629378
0x000000514a6fe580:   0000000000000000 0000000000000000
0x000000514a6fe590:   0000000000000000 00007ff85b6fb0bd
0x000000514a6fe5a0:   0000e451d8c4dc2c 000001ace8042eb0
0x000000514a6fe5b0:   000001aceaf98660 00007ff85b1c82f8
0x000000514a6fe5c0:   000001aceaf9cb70 000001aceaf63d40 

Instructions: (pc=0x00007ff85b6fd169)
0x00007ff85b6fd069:   30 44 38 24 01 75 05 e8 a3 1b f9 ff 65 48 8b 04
0x00007ff85b6fd079:   25 58 00 00 00 41 be 20 00 00 00 48 8b 04 30 4d
0x00007ff85b6fd089:   8b 34 06 48 85 ed 0f 84 6f 03 00 00 66 66 66 0f
0x00007ff85b6fd099:   1f 84 00 00 00 00 00 48 8b dd 48 8d b5 38 05 00
0x00007ff85b6fd0a9:   00 48 8b 2e 45 84 ff 74 1d 48 8b 0b 48 8b d3 80
0x00007ff85b6fd0b9:   bb 8a 05 00 00 00 0f 85 f2 02 00 00 e8 a6 63 fe
0x00007ff85b6fd0c9:   ff e9 f4 02 00 00 8b 8f d0 01 00 00 48 8b 05 84
0x00007ff85b6fd0d9:   21 8f 00 83 b8 64 03 00 00 02 0f 85 f4 00 00 00
0x00007ff85b6fd0e9:   48 8d 93 f0 00 00 00 83 f9 10 73 04 8b c1 eb 56
0x00007ff85b6fd0f9:   44 8d 41 f0 41 8b c0 c1 e8 04 83 f8 03 73 20 0f
0x00007ff85b6fd109:   ae e8 41 83 e0 0f 4c 8b 8c c2 00 04 00 00 4d 85
0x00007ff85b6fd119:   c9 74 25 41 8b c0 48 c1 e0 06 49 03 c1 eb 2e 48
0x00007ff85b6fd129:   8b 82 18 04 00 00 48 85 c0 74 0d 39 08 74 29 48
0x00007ff85b6fd139:   8b 40 48 48 85 c0 75 f3 80 ba 20 04 00 00 00 74
0x00007ff85b6fd149:   1d 8b c1 83 e0 0f 48 c1 e0 06 48 03 c2 48 85 c0
0x00007ff85b6fd159:   74 0c 48 8b 48 08 eb 08 48 83 c0 08 eb ef 33 c9
0x00007ff85b6fd169:   49 3b 8e 78 53 03 00 76 6b 48 8b 87 80 02 00 00
0x00007ff85b6fd179:   48 89 06 48 89 9f 80 02 00 00 ff 87 88 02 00 00
0x00007ff85b6fd189:   48 8b 4b 08 48 8b 01 ba 01 00 00 00 48 8b 80 d8
0x00007ff85b6fd199:   02 00 00 ff 15 5e 54 59 00 0f b7 c8 48 2b c1 48
0x00007ff85b6fd1a9:   05 00 00 01 00 48 01 87 90 02 00 00 48 8b 4b 08
0x00007ff85b6fd1b9:   48 8b 01 ba 01 00 00 00 48 8b 80 d8 02 00 00 ff
0x00007ff85b6fd1c9:   15 32 54 59 00 48 01 87 a0 02 00 00 41 b4 01 e9
0x00007ff85b6fd1d9:   e6 01 00 00 44 8b 9f d0 01 00 00 48 8b 87 e8 01
0x00007ff85b6fd1e9:   00 00 4c 8b 10 8b 8f d0 01 00 00 48 8d 93 f0 00
0x00007ff85b6fd1f9:   00 00 83 f9 10 73 04 8b c1 eb 57 44 8d 41 f0 41
0x00007ff85b6fd209:   8b c0 c1 e8 04 83 f8 03 73 20 0f ae e8 41 83 e0
0x00007ff85b6fd219:   0f 4c 8b 8c c2 00 04 00 00 4d 85 c9 74 26 41 8b
0x00007ff85b6fd229:   c0 48 c1 e0 06 49 03 c1 eb 2f 48 8b 82 18 04 00
0x00007ff85b6fd239:   00 48 85 c0 74 0e 90 39 08 74 3c 48 8b 40 48 48
0x00007ff85b6fd249:   85 c0 75 f3 80 ba 20 04 00 00 00 74 1b 8b c1 83
0x00007ff85b6fd259:   e0 0f 48 c1 e0 06 48 03 c2 48 85 c0 74 0a 4c 39 


Stack slot to memory mapping:
stack at sp + 0 slots: 0x000001ace9935740 points into unknown readable memory: 0xffffffffffffffff | ff ff ff ff ff ff ff ff
stack at sp + 1 slots: 0x00000001f46857d4 is an unknown value
stack at sp + 2 slots: 0x000000514a6fe518 points into unknown readable memory: 0x00007ff85b6de3ea | ea e3 6d 5b f8 7f 00 00
stack at sp + 3 slots: 0x0000005400000000 is an unknown value
stack at sp + 4 slots: 0x00007ff85c0eb740 ig11icd64.dll
stack at sp + 5 slots: 0x0 is NULL
stack at sp + 6 slots: 0x000001aceaf990d0 points into unknown readable memory: 0x0000000000000000 | 00 00 00 00 00 00 00 00
stack at sp + 7 slots: 0x0000000000000078 is an unknown value

VM_Operation (0x000000514a0fed00): Exit, mode: safepoint, requested by thread 0x000001acc6cf8800


---------------  P R O C E S S  ---------------

Threads class SMR info:
_java_thread_list=0x000001acebe32990, length=14, elements={
0x000001acc6cf8800, 0x000001ace5b82000, 0x000001ace5b8b000, 0x000001ace5b9d000,
0x000001ace5ba0000, 0x000001ace5ba1000, 0x000001ace5ba8000, 0x000001ace651d000,
0x000001ace651f000, 0x000001ace668d800, 0x000001ace7214800, 0x000001ace6f02000,
0x000001aceaadb800, 0x000001aceaad8000
}

Java Threads: ( => current thread )
  0x000001acc6cf8800 JavaThread "main" [_thread_blocked, id=8216, stack(0x000000514a000000,0x000000514a100000)]
  0x000001ace5b82000 JavaThread "Reference Handler" daemon [_thread_blocked, id=11444, stack(0x000000514a700000,0x000000514a800000)]
  0x000001ace5b8b000 JavaThread "Finalizer" daemon [_thread_blocked, id=4920, stack(0x000000514a800000,0x000000514a900000)]
  0x000001ace5b9d000 JavaThread "Signal Dispatcher" daemon [_thread_blocked, id=11532, stack(0x000000514a900000,0x000000514aa00000)]
  0x000001ace5ba0000 JavaThread "Attach Listener" daemon [_thread_blocked, id=12900, stack(0x000000514aa00000,0x000000514ab00000)]
  0x000001ace5ba1000 JavaThread "Service Thread" daemon [_thread_blocked, id=7348, stack(0x000000514ab00000,0x000000514ac00000)]
  0x000001ace5ba8000 JavaThread "C2 CompilerThread0" daemon [_thread_blocked, id=10888, stack(0x000000514ac00000,0x000000514ad00000)]
  0x000001ace651d000 JavaThread "C1 CompilerThread0" daemon [_thread_blocked, id=12912, stack(0x000000514ad00000,0x000000514ae00000)]
  0x000001ace651f000 JavaThread "Sweeper thread" daemon [_thread_blocked, id=16596, stack(0x000000514ae00000,0x000000514af00000)]
  0x000001ace668d800 JavaThread "Common-Cleaner" daemon [_thread_blocked, id=16632, stack(0x000000514b000000,0x000000514b100000)]
  0x000001ace7214800 JavaThread "EMF Reference Cleaner" daemon [_thread_blocked, id=16440, stack(0x000000514b400000,0x000000514b500000)]
  0x000001ace6f02000 JavaThread "com.google.inject.internal.util.$Finalizer" daemon [_thread_blocked, id=3060, stack(0x000000514b500000,0x000000514b600000)]
  0x000001aceaadb800 JavaThread "C2 CompilerThread1" daemon [_thread_blocked, id=18040, stack(0x000000514be00000,0x000000514bf00000)]
  0x000001aceaad8000 JavaThread "C2 CompilerThread2" daemon [_thread_blocked, id=16412, stack(0x000000514bf00000,0x000000514c000000)]

Other Threads:
=>0x000001ace5b5e800 VMThread "VM Thread" [stack: 0x000000514a600000,0x000000514a700000] [id=6372]
  0x000001acc6d10000 GCTaskThread "GC Thread#0" [stack: 0x000000514a100000,0x000000514a200000] [id=15424]
  0x000001ace7152800 GCTaskThread "GC Thread#1" [stack: 0x000000514b300000,0x000000514b400000] [id=9944]
  0x000001acc6d41800 ConcurrentGCThread "G1 Main Marker" [stack: 0x000000514a200000,0x000000514a300000] [id=3936]
  0x000001acc6d44000 ConcurrentGCThread "G1 Conc#0" [stack: 0x000000514a300000,0x000000514a400000] [id=6796]
  0x000001ace7af7800 ConcurrentGCThread "G1 Conc#1" [stack: 0x000000514b200000,0x000000514b300000] [id=15460]
  0x000001ace59b8800 ConcurrentGCThread "G1 Refine#0" [stack: 0x000000514a400000,0x000000514a500000] [id=8632]
  0x000001ace59b9000 ConcurrentGCThread "G1 Young RemSet Sampling" [stack: 0x000000514a500000,0x000000514a600000] [id=15248]

Threads with active compile tasks:
C2 CompilerThread0     4794 4082   !   4       jdk.internal.loader.BuiltinClassLoader::loadClassOrNull (143 bytes)
C2 CompilerThread2     4794 4199       4       org.eclipse.emf.common.util.URI$Hierarchical::toString (185 bytes)

VM state:at safepoint (shutting down)

VM Mutex/Monitor currently owned by a thread:  ([mutex/lock_event])
[0x000001acc6cf51d0] Threads_lock - owner thread: 0x000001ace5b5e800

Heap address: 0x0000000084000000, size: 1984 MB, Compressed Oops mode: 32-bit
Narrow klass base: 0x0000000000000000, Narrow klass shift: 3
Compressed class space size: 1073741824 Address: 0x0000000100000000

Heap:
 garbage-first heap   total 126976K, used 63488K [0x0000000084000000, 0x0000000100000000)
  region size 1024K, 46 young (47104K), 4 survivors (4096K)
 Metaspace       used 29068K, capacity 29389K, committed 29616K, reserved 1075200K
  class space    used 3119K, capacity 3230K, committed 3328K, reserved 1048576K
Heap Regions: E=young(eden), S=young(survivor), O=old, HS=humongous(starts), HC=humongous(continues), CS=collection set, F=free, A=archive, TAMS=top-at-mark-start (previous, next)
|   0|0x0000000084000000, 0x0000000084100000, 0x0000000084100000|100%| O|  |TAMS 0x0000000084100000, 0x0000000084000000| Untracked 
|   1|0x0000000084100000, 0x0000000084200000, 0x0000000084200000|100%| O|  |TAMS 0x0000000084200000, 0x0000000084100000| Untracked 
|   2|0x0000000084200000, 0x0000000084300000, 0x0000000084300000|100%| O|  |TAMS 0x0000000084300000, 0x0000000084200000| Untracked 
|   3|0x0000000084300000, 0x0000000084400000, 0x0000000084400000|100%| O|  |TAMS 0x0000000084400000, 0x0000000084300000| Untracked 
|   4|0x0000000084400000, 0x0000000084500000, 0x0000000084500000|100%| O|  |TAMS 0x0000000084500000, 0x0000000084400000| Untracked 
|   5|0x0000000084500000, 0x0000000084600000, 0x0000000084600000|100%| O|  |TAMS 0x0000000084600000, 0x0000000084500000| Untracked 
|   6|0x0000000084600000, 0x0000000084700000, 0x0000000084700000|100%| O|  |TAMS 0x0000000084700000, 0x0000000084600000| Untracked 
|   7|0x0000000084700000, 0x0000000084800000, 0x0000000084800000|100%| O|  |TAMS 0x0000000084800000, 0x0000000084700000| Untracked 
|   8|0x0000000084800000, 0x0000000084900000, 0x0000000084900000|100%| O|  |TAMS 0x0000000084900000, 0x0000000084800000| Untracked 
|   9|0x0000000084900000, 0x0000000084a00000, 0x0000000084a00000|100%| O|  |TAMS 0x0000000084a00000, 0x0000000084900000| Untracked 
|  10|0x0000000084a00000, 0x0000000084b00000, 0x0000000084b00000|100%| O|  |TAMS 0x0000000084b00000, 0x0000000084a00000| Untracked 
|  11|0x0000000084b00000, 0x0000000084c00000, 0x0000000084c00000|100%| O|  |TAMS 0x0000000084c00000, 0x0000000084b00000| Untracked 
|  12|0x0000000084c00000, 0x0000000084d00000, 0x0000000084d00000|100%| O|  |TAMS 0x0000000084d00000, 0x0000000084c00000| Untracked 
|  13|0x0000000084d00000, 0x0000000084e00000, 0x0000000084e00000|100%| O|  |TAMS 0x0000000084e00000, 0x0000000084d00000| Untracked 
|  14|0x0000000084e00000, 0x0000000084f00000, 0x0000000084f00000|100%| O|  |TAMS 0x0000000084f00000, 0x0000000084e00000| Untracked 
|  15|0x0000000084f00000, 0x0000000085000000, 0x0000000085000000|100%| O|  |TAMS 0x0000000085000000, 0x0000000084f00000| Untracked 
|  16|0x0000000085000000, 0x0000000085100000, 0x0000000085100000|100%| O|  |TAMS 0x0000000085100000, 0x0000000085000000| Untracked 
|  17|0x0000000085100000, 0x0000000085100000, 0x0000000085200000|  0%| F|  |TAMS 0x0000000085100000, 0x0000000085100000| Untracked 
|  18|0x0000000085200000, 0x0000000085200000, 0x0000000085300000|  0%| F|  |TAMS 0x0000000085200000, 0x0000000085200000| Untracked 
|  19|0x0000000085300000, 0x0000000085300000, 0x0000000085400000|  0%| F|  |TAMS 0x0000000085300000, 0x0000000085300000| Untracked 
|  20|0x0000000085400000, 0x0000000085400000, 0x0000000085500000|  0%| F|  |TAMS 0x0000000085400000, 0x0000000085400000| Untracked 
|  21|0x0000000085500000, 0x0000000085500000, 0x0000000085600000|  0%| F|  |TAMS 0x0000000085500000, 0x0000000085500000| Untracked 
|  22|0x0000000085600000, 0x0000000085600000, 0x0000000085700000|  0%| F|  |TAMS 0x0000000085600000, 0x0000000085600000| Untracked 
|  23|0x0000000085700000, 0x0000000085700000, 0x0000000085800000|  0%| F|  |TAMS 0x0000000085700000, 0x0000000085700000| Untracked 
|  24|0x0000000085800000, 0x0000000085800000, 0x0000000085900000|  0%| F|  |TAMS 0x0000000085800000, 0x0000000085800000| Untracked 
|  25|0x0000000085900000, 0x0000000085900000, 0x0000000085a00000|  0%| F|  |TAMS 0x0000000085900000, 0x0000000085900000| Untracked 
|  26|0x0000000085a00000, 0x0000000085a00000, 0x0000000085b00000|  0%| F|  |TAMS 0x0000000085a00000, 0x0000000085a00000| Untracked 
|  27|0x0000000085b00000, 0x0000000085b00000, 0x0000000085c00000|  0%| F|  |TAMS 0x0000000085b00000, 0x0000000085b00000| Untracked 
|  28|0x0000000085c00000, 0x0000000085c00000, 0x0000000085d00000|  0%| F|  |TAMS 0x0000000085c00000, 0x0000000085c00000| Untracked 
|  29|0x0000000085d00000, 0x0000000085d00000, 0x0000000085e00000|  0%| F|  |TAMS 0x0000000085d00000, 0x0000000085d00000| Untracked 
|  30|0x0000000085e00000, 0x0000000085e00000, 0x0000000085f00000|  0%| F|  |TAMS 0x0000000085e00000, 0x0000000085e00000| Untracked 
|  31|0x0000000085f00000, 0x0000000085f00000, 0x0000000086000000|  0%| F|  |TAMS 0x0000000085f00000, 0x0000000085f00000| Untracked 
|  32|0x0000000086000000, 0x0000000086000000, 0x0000000086100000|  0%| F|  |TAMS 0x0000000086000000, 0x0000000086000000| Untracked 
|  33|0x0000000086100000, 0x0000000086100000, 0x0000000086200000|  0%| F|  |TAMS 0x0000000086100000, 0x0000000086100000| Untracked 
|  34|0x0000000086200000, 0x0000000086200000, 0x0000000086300000|  0%| F|  |TAMS 0x0000000086200000, 0x0000000086200000| Untracked 
|  35|0x0000000086300000, 0x0000000086300000, 0x0000000086400000|  0%| F|  |TAMS 0x0000000086300000, 0x0000000086300000| Untracked 
|  36|0x0000000086400000, 0x0000000086400000, 0x0000000086500000|  0%| F|  |TAMS 0x0000000086400000, 0x0000000086400000| Untracked 
|  37|0x0000000086500000, 0x0000000086500000, 0x0000000086600000|  0%| F|  |TAMS 0x0000000086500000, 0x0000000086500000| Untracked 
|  38|0x0000000086600000, 0x0000000086600000, 0x0000000086700000|  0%| F|  |TAMS 0x0000000086600000, 0x0000000086600000| Untracked 
|  39|0x0000000086700000, 0x0000000086700000, 0x0000000086800000|  0%| F|  |TAMS 0x0000000086700000, 0x0000000086700000| Untracked 
|  40|0x0000000086800000, 0x0000000086800000, 0x0000000086900000|  0%| F|  |TAMS 0x0000000086800000, 0x0000000086800000| Untracked 
|  41|0x0000000086900000, 0x0000000086900000, 0x0000000086a00000|  0%| F|  |TAMS 0x0000000086900000, 0x0000000086900000| Untracked 
|  42|0x0000000086a00000, 0x0000000086a00000, 0x0000000086b00000|  0%| F|  |TAMS 0x0000000086a00000, 0x0000000086a00000| Untracked 
|  43|0x0000000086b00000, 0x0000000086b00000, 0x0000000086c00000|  0%| F|  |TAMS 0x0000000086b00000, 0x0000000086b00000| Untracked 
|  44|0x0000000086c00000, 0x0000000086c00000, 0x0000000086d00000|  0%| F|  |TAMS 0x0000000086c00000, 0x0000000086c00000| Untracked 
|  45|0x0000000086d00000, 0x0000000086d00000, 0x0000000086e00000|  0%| F|  |TAMS 0x0000000086d00000, 0x0000000086d00000| Untracked 
|  46|0x0000000086e00000, 0x0000000086e00000, 0x0000000086f00000|  0%| F|  |TAMS 0x0000000086e00000, 0x0000000086e00000| Untracked 
|  47|0x0000000086f00000, 0x0000000086f00000, 0x0000000087000000|  0%| F|  |TAMS 0x0000000086f00000, 0x0000000086f00000| Untracked 
|  48|0x0000000087000000, 0x0000000087000000, 0x0000000087100000|  0%| F|  |TAMS 0x0000000087000000, 0x0000000087000000| Untracked 
|  49|0x0000000087100000, 0x0000000087100000, 0x0000000087200000|  0%| F|  |TAMS 0x0000000087100000, 0x0000000087100000| Untracked 
|  50|0x0000000087200000, 0x0000000087200000, 0x0000000087300000|  0%| F|  |TAMS 0x0000000087200000, 0x0000000087200000| Untracked 
|  51|0x0000000087300000, 0x0000000087300000, 0x0000000087400000|  0%| F|  |TAMS 0x0000000087300000, 0x0000000087300000| Untracked 
|  52|0x0000000087400000, 0x0000000087400000, 0x0000000087500000|  0%| F|  |TAMS 0x0000000087400000, 0x0000000087400000| Untracked 
|  53|0x0000000087500000, 0x0000000087500000, 0x0000000087600000|  0%| F|  |TAMS 0x0000000087500000, 0x0000000087500000| Untracked 
|  54|0x0000000087600000, 0x0000000087600000, 0x0000000087700000|  0%| F|  |TAMS 0x0000000087600000, 0x0000000087600000| Untracked 
|  55|0x0000000087700000, 0x0000000087700000, 0x0000000087800000|  0%| F|  |TAMS 0x0000000087700000, 0x0000000087700000| Untracked 
|  56|0x0000000087800000, 0x0000000087800000, 0x0000000087900000|  0%| F|  |TAMS 0x0000000087800000, 0x0000000087800000| Untracked 
|  57|0x0000000087900000, 0x0000000087900000, 0x0000000087a00000|  0%| F|  |TAMS 0x0000000087900000, 0x0000000087900000| Untracked 
|  58|0x0000000087a00000, 0x0000000087a00000, 0x0000000087b00000|  0%| F|  |TAMS 0x0000000087a00000, 0x0000000087a00000| Untracked 
|  59|0x0000000087b00000, 0x0000000087b00000, 0x0000000087c00000|  0%| F|  |TAMS 0x0000000087b00000, 0x0000000087b00000| Untracked 
|  60|0x0000000087c00000, 0x0000000087c00000, 0x0000000087d00000|  0%| F|  |TAMS 0x0000000087c00000, 0x0000000087c00000| Untracked 
|  61|0x0000000087d00000, 0x0000000087d00000, 0x0000000087e00000|  0%| F|  |TAMS 0x0000000087d00000, 0x0000000087d00000| Untracked 
|  62|0x0000000087e00000, 0x0000000087e00000, 0x0000000087f00000|  0%| F|  |TAMS 0x0000000087e00000, 0x0000000087e00000| Untracked 
|  63|0x0000000087f00000, 0x0000000087f00000, 0x0000000088000000|  0%| F|  |TAMS 0x0000000087f00000, 0x0000000087f00000| Untracked 
|  64|0x0000000088000000, 0x0000000088000000, 0x0000000088100000|  0%| F|  |TAMS 0x0000000088000000, 0x0000000088000000| Untracked 
|  65|0x0000000088100000, 0x0000000088100000, 0x0000000088200000|  0%| F|  |TAMS 0x0000000088100000, 0x0000000088100000| Untracked 
|  66|0x0000000088200000, 0x0000000088200000, 0x0000000088300000|  0%| F|  |TAMS 0x0000000088200000, 0x0000000088200000| Untracked 
|  67|0x0000000088300000, 0x0000000088300000, 0x0000000088400000|  0%| F|  |TAMS 0x0000000088300000, 0x0000000088300000| Untracked 
|  68|0x0000000088400000, 0x0000000088400000, 0x0000000088500000|  0%| F|  |TAMS 0x0000000088400000, 0x0000000088400000| Untracked 
|  69|0x0000000088500000, 0x0000000088500000, 0x0000000088600000|  0%| F|  |TAMS 0x0000000088500000, 0x0000000088500000| Untracked 
|  70|0x0000000088600000, 0x0000000088600000, 0x0000000088700000|  0%| F|  |TAMS 0x0000000088600000, 0x0000000088600000| Untracked 
|  71|0x0000000088700000, 0x0000000088700000, 0x0000000088800000|  0%| F|  |TAMS 0x0000000088700000, 0x0000000088700000| Untracked 
|  72|0x0000000088800000, 0x0000000088800000, 0x0000000088900000|  0%| F|  |TAMS 0x0000000088800000, 0x0000000088800000| Untracked 
|  73|0x0000000088900000, 0x0000000088900000, 0x0000000088a00000|  0%| F|  |TAMS 0x0000000088900000, 0x0000000088900000| Untracked 
|  74|0x0000000088a00000, 0x0000000088a00000, 0x0000000088b00000|  0%| F|  |TAMS 0x0000000088a00000, 0x0000000088a00000| Untracked 
|  75|0x0000000088b00000, 0x0000000088b00000, 0x0000000088c00000|  0%| F|  |TAMS 0x0000000088b00000, 0x0000000088b00000| Untracked 
|  76|0x0000000088c00000, 0x0000000088c00000, 0x0000000088d00000|  0%| F|  |TAMS 0x0000000088c00000, 0x0000000088c00000| Untracked 
|  77|0x0000000088d00000, 0x0000000088d00000, 0x0000000088e00000|  0%| F|  |TAMS 0x0000000088d00000, 0x0000000088d00000| Untracked 
|  78|0x0000000088e00000, 0x0000000088e4d500, 0x0000000088f00000| 30%| E|  |TAMS 0x0000000088e00000, 0x0000000088e00000| Complete 
|  79|0x0000000088f00000, 0x0000000089000000, 0x0000000089000000|100%| S|CS|TAMS 0x0000000088f00000, 0x0000000088f00000| Complete 
|  80|0x0000000089000000, 0x0000000089100000, 0x0000000089100000|100%| S|CS|TAMS 0x0000000089000000, 0x0000000089000000| Complete 
|  81|0x0000000089100000, 0x0000000089200000, 0x0000000089200000|100%| S|CS|TAMS 0x0000000089100000, 0x0000000089100000| Complete 
|  82|0x0000000089200000, 0x0000000089300000, 0x0000000089300000|100%| S|CS|TAMS 0x0000000089200000, 0x0000000089200000| Complete 
|  83|0x0000000089300000, 0x0000000089400000, 0x0000000089400000|100%| E|CS|TAMS 0x0000000089300000, 0x0000000089300000| Complete 
|  84|0x0000000089400000, 0x0000000089500000, 0x0000000089500000|100%| E|CS|TAMS 0x0000000089400000, 0x0000000089400000| Complete 
|  85|0x0000000089500000, 0x0000000089600000, 0x0000000089600000|100%| E|CS|TAMS 0x0000000089500000, 0x0000000089500000| Complete 
|  86|0x0000000089600000, 0x0000000089700000, 0x0000000089700000|100%| E|CS|TAMS 0x0000000089600000, 0x0000000089600000| Complete 
|  87|0x0000000089700000, 0x0000000089800000, 0x0000000089800000|100%| E|CS|TAMS 0x0000000089700000, 0x0000000089700000| Complete 
|  88|0x0000000089800000, 0x0000000089900000, 0x0000000089900000|100%| E|CS|TAMS 0x0000000089800000, 0x0000000089800000| Complete 
|  89|0x0000000089900000, 0x0000000089a00000, 0x0000000089a00000|100%| E|CS|TAMS 0x0000000089900000, 0x0000000089900000| Complete 
|  90|0x0000000089a00000, 0x0000000089b00000, 0x0000000089b00000|100%| E|CS|TAMS 0x0000000089a00000, 0x0000000089a00000| Complete 
|  91|0x0000000089b00000, 0x0000000089c00000, 0x0000000089c00000|100%| E|CS|TAMS 0x0000000089b00000, 0x0000000089b00000| Complete 
|  92|0x0000000089c00000, 0x0000000089d00000, 0x0000000089d00000|100%| E|CS|TAMS 0x0000000089c00000, 0x0000000089c00000| Complete 
|  93|0x0000000089d00000, 0x0000000089e00000, 0x0000000089e00000|100%| E|CS|TAMS 0x0000000089d00000, 0x0000000089d00000| Complete 
|  94|0x0000000089e00000, 0x0000000089f00000, 0x0000000089f00000|100%| E|CS|TAMS 0x0000000089e00000, 0x0000000089e00000| Complete 
|  95|0x0000000089f00000, 0x000000008a000000, 0x000000008a000000|100%| E|CS|TAMS 0x0000000089f00000, 0x0000000089f00000| Complete 
|  96|0x000000008a000000, 0x000000008a100000, 0x000000008a100000|100%| E|CS|TAMS 0x000000008a000000, 0x000000008a000000| Complete 
|  97|0x000000008a100000, 0x000000008a200000, 0x000000008a200000|100%| E|CS|TAMS 0x000000008a100000, 0x000000008a100000| Complete 
|  98|0x000000008a200000, 0x000000008a300000, 0x000000008a300000|100%| E|CS|TAMS 0x000000008a200000, 0x000000008a200000| Complete 
|  99|0x000000008a300000, 0x000000008a400000, 0x000000008a400000|100%| E|CS|TAMS 0x000000008a300000, 0x000000008a300000| Complete 
| 100|0x000000008a400000, 0x000000008a500000, 0x000000008a500000|100%| E|CS|TAMS 0x000000008a400000, 0x000000008a400000| Complete 
| 101|0x000000008a500000, 0x000000008a600000, 0x000000008a600000|100%| E|CS|TAMS 0x000000008a500000, 0x000000008a500000| Complete 
| 102|0x000000008a600000, 0x000000008a700000, 0x000000008a700000|100%| E|CS|TAMS 0x000000008a600000, 0x000000008a600000| Complete 
| 103|0x000000008a700000, 0x000000008a800000, 0x000000008a800000|100%| E|CS|TAMS 0x000000008a700000, 0x000000008a700000| Complete 
| 104|0x000000008a800000, 0x000000008a900000, 0x000000008a900000|100%| E|CS|TAMS 0x000000008a800000, 0x000000008a800000| Complete 
| 105|0x000000008a900000, 0x000000008aa00000, 0x000000008aa00000|100%| E|CS|TAMS 0x000000008a900000, 0x000000008a900000| Complete 
| 106|0x000000008aa00000, 0x000000008ab00000, 0x000000008ab00000|100%| E|CS|TAMS 0x000000008aa00000, 0x000000008aa00000| Complete 
| 107|0x000000008ab00000, 0x000000008ac00000, 0x000000008ac00000|100%| E|CS|TAMS 0x000000008ab00000, 0x000000008ab00000| Complete 
| 108|0x000000008ac00000, 0x000000008ad00000, 0x000000008ad00000|100%| E|CS|TAMS 0x000000008ac00000, 0x000000008ac00000| Complete 
| 109|0x000000008ad00000, 0x000000008ae00000, 0x000000008ae00000|100%| E|CS|TAMS 0x000000008ad00000, 0x000000008ad00000| Complete 
| 110|0x000000008ae00000, 0x000000008af00000, 0x000000008af00000|100%| E|CS|TAMS 0x000000008ae00000, 0x000000008ae00000| Complete 
| 111|0x000000008af00000, 0x000000008b000000, 0x000000008b000000|100%| E|CS|TAMS 0x000000008af00000, 0x000000008af00000| Complete 
| 112|0x000000008b000000, 0x000000008b100000, 0x000000008b100000|100%| E|CS|TAMS 0x000000008b000000, 0x000000008b000000| Complete 
| 113|0x000000008b100000, 0x000000008b200000, 0x000000008b200000|100%| E|CS|TAMS 0x000000008b100000, 0x000000008b100000| Complete 
| 114|0x000000008b200000, 0x000000008b300000, 0x000000008b300000|100%| E|CS|TAMS 0x000000008b200000, 0x000000008b200000| Complete 
| 115|0x000000008b300000, 0x000000008b400000, 0x000000008b400000|100%| E|CS|TAMS 0x000000008b300000, 0x000000008b300000| Complete 
| 116|0x000000008b400000, 0x000000008b500000, 0x000000008b500000|100%| E|CS|TAMS 0x000000008b400000, 0x000000008b400000| Complete 
| 117|0x000000008b500000, 0x000000008b600000, 0x000000008b600000|100%| E|CS|TAMS 0x000000008b500000, 0x000000008b500000| Complete 
| 118|0x000000008b600000, 0x000000008b700000, 0x000000008b700000|100%| E|CS|TAMS 0x000000008b600000, 0x000000008b600000| Complete 
| 119|0x000000008b700000, 0x000000008b800000, 0x000000008b800000|100%| E|CS|TAMS 0x000000008b700000, 0x000000008b700000| Complete 
| 120|0x000000008b800000, 0x000000008b900000, 0x000000008b900000|100%| E|CS|TAMS 0x000000008b800000, 0x000000008b800000| Complete 
| 121|0x000000008b900000, 0x000000008ba00000, 0x000000008ba00000|100%| E|CS|TAMS 0x000000008b900000, 0x000000008b900000| Complete 
| 122|0x000000008ba00000, 0x000000008bb00000, 0x000000008bb00000|100%| E|CS|TAMS 0x000000008ba00000, 0x000000008ba00000| Complete 
| 123|0x000000008bb00000, 0x000000008bc00000, 0x000000008bc00000|100%| E|CS|TAMS 0x000000008bb00000, 0x000000008bb00000| Complete 

Card table byte_map: [0x000001acdeb60000,0x000001acdef40000] _byte_map_base: 0x000001acde740000

Marking Bits (Prev, Next): (CMBitMap*) 0x000001acc6d39270, (CMBitMap*) 0x000001acc6d39238
 Prev Bits: [0x000001ace1220000, 0x000001ace3120000)
 Next Bits: [0x000001acdf320000, 0x000001ace1220000)

Polling page: 0x000001acc64d0000

Metaspace:

Usage:
  Non-class:     25.55 MB capacity,    25.34 MB (>99%) used,   172.23 KB ( <1%) free+waste,    38.06 KB ( <1%) overhead. 
      Class:      3.15 MB capacity,     3.05 MB ( 97%) used,    95.63 KB (  3%) free+waste,    14.63 KB ( <1%) overhead. 
       Both:     28.70 MB capacity,    28.39 MB ( 99%) used,   267.86 KB ( <1%) free+waste,    52.69 KB ( <1%) overhead. 

Virtual space:
  Non-class space:       26.00 MB reserved,      25.67 MB ( 99%) committed 
      Class space:        1.00 GB reserved,       3.25 MB ( <1%) committed 
             Both:        1.03 GB reserved,      28.92 MB (  3%) committed 

Chunk freelists:
   Non-Class:  129.00 KB
       Class:  2.00 KB
        Both:  131.00 KB

MaxMetaspaceSize: 17179869184.00 GB
CompressedClassSpaceSize: 1.00 GB
Initial GC threshold: 20.80 MB
Current GC threshold: 34.87 MB
CDS: off

CodeHeap 'non-profiled nmethods': size=120000Kb used=2010Kb max_used=2010Kb free=117989Kb
 bounds [0x000001acd6f20000, 0x000001acd7190000, 0x000001acde450000]
CodeHeap 'profiled nmethods': size=120000Kb used=8530Kb max_used=8530Kb free=111469Kb
 bounds [0x000001accf9f0000, 0x000001acd0250000, 0x000001acd6f20000]
CodeHeap 'non-nmethods': size=5760Kb used=1344Kb max_used=1361Kb free=4415Kb
 bounds [0x000001accf450000, 0x000001accf6c0000, 0x000001accf9f0000]
 total_blobs=4854 nmethods=4208 adapters=558
 compilation: enabled
              stopped_count=0, restarted_count=0
 full_count=0

Compilation events (20 events):
Event: 4.664 Thread 0x000001ace651d000 nmethod 4202 0x000001acd0242e90 code [0x000001acd0243040, 0x000001acd0243198]
Event: 4.664 Thread 0x000001ace651d000 4204       1       wollok.lang.AbstractJavaWrapper::setWrapped (6 bytes)
Event: 4.664 Thread 0x000001ace651d000 nmethod 4204 0x000001acd7114b90 code [0x000001acd7114d40, 0x000001acd7114e38]
Event: 4.668 Thread 0x000001aceaadb800 nmethod 4192 0x000001acd7114e90 code [0x000001acd7115080, 0x000001acd71157b8]
Event: 4.668 Thread 0x000001aceaadb800 4205       4       java.util.ArrayList::toArray (12 bytes)
Event: 4.671 Thread 0x000001aceaadb800 nmethod 4205 0x000001acd7115b10 code [0x000001acd7115ca0, 0x000001acd7115eb8]
Event: 4.671 Thread 0x000001aceaadb800 4200       4       java.util.Collections$UnmodifiableCollection$1::next (10 bytes)
Event: 4.671 Thread 0x000001aceaadb800 nmethod 4200 0x000001acd7116010 code [0x000001acd71161a0, 0x000001acd7116238]
Event: 4.671 Thread 0x000001aceaadb800 4195       4       java.util.ArrayList::contains (14 bytes)
Event: 4.674 Thread 0x000001aceaadb800 nmethod 4195 0x000001acd7116310 code [0x000001acd71164a0, 0x000001acd71165d8]
Event: 4.686 Thread 0x000001aceaadb800 4212       4       java.nio.ByteBuffer::limit (8 bytes)
Event: 4.687 Thread 0x000001aceaadb800 nmethod 4212 0x000001acd7116710 code [0x000001acd71168a0, 0x000001acd7116978]
Event: 4.687 Thread 0x000001ace651d000 4213       3       java.nio.ByteBuffer::array (35 bytes)
Event: 4.687 Thread 0x000001ace651d000 nmethod 4213 0x000001acd0243290 code [0x000001acd0243460, 0x000001acd0243718]
Event: 4.687 Thread 0x000001ace651d000 4214   !   3       java.nio.CharBuffer::wrap (20 bytes)
Event: 4.688 Thread 0x000001ace651d000 nmethod 4214 0x000001acd0243890 code [0x000001acd0243a80, 0x000001acd0243e58]
Event: 4.688 Thread 0x000001ace651d000 4215       3       java.nio.HeapCharBuffer::<init> (21 bytes)
Event: 4.689 Thread 0x000001ace651d000 nmethod 4215 0x000001acd0244090 code [0x000001acd0244260, 0x000001acd0244488]
Event: 4.689 Thread 0x000001ace651d000 4216       3       java.nio.ByteBuffer::hasArray (20 bytes)
Event: 4.689 Thread 0x000001ace651d000 nmethod 4216 0x000001acd0244610 code [0x000001acd02447c0, 0x000001acd0244958]

GC Heap History (8 events):
Event: 0.574 GC heap before
{Heap before GC invocations=0 (full 0):
 garbage-first heap   total 126976K, used 24576K [0x0000000084000000, 0x0000000100000000)
  region size 1024K, 24 young (24576K), 0 survivors (0K)
 Metaspace       used 9873K, capacity 9980K, committed 10240K, reserved 1058816K
  class space    used 896K, capacity 960K, committed 1024K, reserved 1048576K
}
Event: 0.580 GC heap after
{Heap after GC invocations=1 (full 0):
 garbage-first heap   total 126976K, used 6984K [0x0000000084000000, 0x0000000100000000)
  region size 1024K, 3 young (3072K), 3 survivors (3072K)
 Metaspace       used 9873K, capacity 9980K, committed 10240K, reserved 1058816K
  class space    used 896K, capacity 960K, committed 1024K, reserved 1048576K
}
Event: 1.734 GC heap before
{Heap before GC invocations=1 (full 0):
 garbage-first heap   total 126976K, used 84808K [0x0000000084000000, 0x0000000100000000)
  region size 1024K, 74 young (75776K), 3 survivors (3072K)
 Metaspace       used 19573K, capacity 19745K, committed 19968K, reserved 1067008K
  class space    used 2169K, capacity 2241K, committed 2304K, reserved 1048576K
}
Event: 1.748 GC heap after
{Heap after GC invocations=2 (full 0):
 garbage-first heap   total 126976K, used 17194K [0x0000000084000000, 0x0000000100000000)
  region size 1024K, 10 young (10240K), 10 survivors (10240K)
 Metaspace       used 19573K, capacity 19745K, committed 19968K, reserved 1067008K
  class space    used 2169K, capacity 2241K, committed 2304K, reserved 1048576K
}
Event: 1.906 GC heap before
{Heap before GC invocations=2 (full 0):
 garbage-first heap   total 126976K, used 23338K [0x0000000084000000, 0x0000000100000000)
  region size 1024K, 17 young (17408K), 10 survivors (10240K)
 Metaspace       used 20886K, capacity 21127K, committed 21296K, reserved 1069056K
  class space    used 2339K, capacity 2402K, committed 2432K, reserved 1048576K
}
Event: 1.917 GC heap after
{Heap after GC invocations=3 (full 0):
 garbage-first heap   total 126976K, used 18432K [0x0000000084000000, 0x0000000100000000)
  region size 1024K, 1 young (1024K), 1 survivors (1024K)
 Metaspace       used 20886K, capacity 21127K, committed 21296K, reserved 1069056K
  class space    used 2339K, capacity 2402K, committed 2432K, reserved 1048576K
}
Event: 3.066 GC heap before
{Heap before GC invocations=4 (full 0):
 garbage-first heap   total 126976K, used 59392K [0x0000000084000000, 0x0000000100000000)
  region size 1024K, 41 young (41984K), 1 survivors (1024K)
 Metaspace       used 25405K, capacity 25722K, committed 26032K, reserved 1073152K
  class space    used 2862K, capacity 2985K, committed 3072K, reserved 1048576K
}
Event: 3.089 GC heap after
{Heap after GC invocations=5 (full 0):
 garbage-first heap   total 126976K, used 21504K [0x0000000084000000, 0x0000000100000000)
  region size 1024K, 4 young (4096K), 4 survivors (4096K)
 Metaspace       used 25405K, capacity 25722K, committed 26032K, reserved 1073152K
  class space    used 2862K, capacity 2985K, committed 3072K, reserved 1048576K
}

Deoptimization events (20 events):
Event: 4.524 Thread 0x000001ace66f7800 Uncommon trap: trap_request=0xffffff4d fr.pc=0x000001acd6f37bac relative=0x000000000000034c
Event: 4.524 Thread 0x000001ace66f7800 Uncommon trap: reason=unstable_if action=reinterpret pc=0x000001acd6f37bac method=java.lang.Integer.parseInt(Ljava/lang/String;I)I @ 119 c2
Event: 4.524 Thread 0x000001ace66f7800 DEOPT PACKING pc=0x000001acd6f37bac sp=0x000000514b1febe0
Event: 4.524 Thread 0x000001ace66f7800 DEOPT UNPACKING pc=0x000001accf4585af sp=0x000000514b1feb48 mode 2
Event: 4.565 Thread 0x000001ace66f7800 DEOPT PACKING pc=0x000001acd00a4e17 sp=0x000000514b1fe5f0
Event: 4.565 Thread 0x000001ace66f7800 DEOPT UNPACKING pc=0x000001accf499d0e sp=0x000000514b1fdb90 mode 0
Event: 4.566 Thread 0x000001ace66f7800 DEOPT PACKING pc=0x000001acd00a4e17 sp=0x000000514b1fe5f0
Event: 4.566 Thread 0x000001ace66f7800 DEOPT UNPACKING pc=0x000001accf499d0e sp=0x000000514b1fdb90 mode 0
Event: 4.567 Thread 0x000001ace66f7800 DEOPT PACKING pc=0x000001acd00a4e17 sp=0x000000514b1fe5f0
Event: 4.567 Thread 0x000001ace66f7800 DEOPT UNPACKING pc=0x000001accf499d0e sp=0x000000514b1fdb90 mode 0
Event: 4.594 Thread 0x000001ace66f7800 DEOPT PACKING pc=0x000001acd00e5201 sp=0x000000514b1f82e0
Event: 4.594 Thread 0x000001ace66f7800 DEOPT UNPACKING pc=0x000001accf499d0e sp=0x000000514b1f77f8 mode 0
Event: 4.661 Thread 0x000001ace66f7800 Uncommon trap: trap_request=0xffffff4d fr.pc=0x000001acd6fd7fbc relative=0x00000000000001fc
Event: 4.661 Thread 0x000001ace66f7800 Uncommon trap: reason=unstable_if action=reinterpret pc=0x000001acd6fd7fbc method=java.util.HashMap.hash(Ljava/lang/Object;)I @ 1 c2
Event: 4.661 Thread 0x000001ace66f7800 DEOPT PACKING pc=0x000001acd6fd7fbc sp=0x000000514b1fea30
Event: 4.661 Thread 0x000001ace66f7800 DEOPT UNPACKING pc=0x000001accf4585af sp=0x000000514b1fe968 mode 2
Event: 4.661 Thread 0x000001ace66f7800 Uncommon trap: trap_request=0xffffff4d fr.pc=0x000001acd70ec950 relative=0x0000000000000210
Event: 4.661 Thread 0x000001ace66f7800 Uncommon trap: reason=unstable_if action=reinterpret pc=0x000001acd70ec950 method=java.util.HashMap.hash(Ljava/lang/Object;)I @ 1 c2
Event: 4.661 Thread 0x000001ace66f7800 DEOPT PACKING pc=0x000001acd70ec950 sp=0x000000514b1fea30
Event: 4.661 Thread 0x000001ace66f7800 DEOPT UNPACKING pc=0x000001accf4585af sp=0x000000514b1fe970 mode 2

Classes redefined (0 events):
No events

Internal exceptions (20 events):
Event: 2.554 Thread 0x000001acc6cf8800 Exception <a 'java/io/FileNotFoundException'{0x000000008a781bb0}> (0x000000008a781bb0) thrown at [./src/hotspot/share/prims/jni.cpp, line 617]
Event: 2.918 Thread 0x000001acc6cf8800 Exception <a 'java/io/FileNotFoundException'{0x0000000089c86d68}> (0x0000000089c86d68) thrown at [./src/hotspot/share/prims/jni.cpp, line 617]
Event: 2.933 Thread 0x000001acc6cf8800 Exception <a 'java/lang/reflect/InvocationTargetException'{0x0000000089b5e738}> (0x0000000089b5e738) thrown at [./src/hotspot/share/runtime/reflection.cpp, line 1247]
Event: 2.934 Thread 0x000001acc6cf8800 Exception <a 'java/lang/reflect/InvocationTargetException'{0x0000000089b69d78}> (0x0000000089b69d78) thrown at [./src/hotspot/share/runtime/reflection.cpp, line 1247]
Event: 2.934 Thread 0x000001acc6cf8800 Exception <a 'java/lang/reflect/InvocationTargetException'{0x0000000089b75388}> (0x0000000089b75388) thrown at [./src/hotspot/share/runtime/reflection.cpp, line 1247]
Event: 2.935 Thread 0x000001acc6cf8800 Exception <a 'java/lang/reflect/InvocationTargetException'{0x0000000089b80c48}> (0x0000000089b80c48) thrown at [./src/hotspot/share/runtime/reflection.cpp, line 1247]
Event: 2.936 Thread 0x000001acc6cf8800 Exception <a 'java/lang/reflect/InvocationTargetException'{0x0000000089b8c1c0}> (0x0000000089b8c1c0) thrown at [./src/hotspot/share/runtime/reflection.cpp, line 1247]
Event: 2.936 Thread 0x000001acc6cf8800 Exception <a 'java/lang/reflect/InvocationTargetException'{0x0000000089b97708}> (0x0000000089b97708) thrown at [./src/hotspot/share/runtime/reflection.cpp, line 1247]
Event: 2.937 Thread 0x000001acc6cf8800 Exception <a 'java/lang/reflect/InvocationTargetException'{0x0000000089ba52a8}> (0x0000000089ba52a8) thrown at [./src/hotspot/share/runtime/reflection.cpp, line 1247]
Event: 3.459 Thread 0x000001acc6cf8800 Exception <a 'java/lang/NoSuchMethodError'{0x000000008a26c1f0}: 'java.lang.Object java.lang.invoke.DirectMethodHandle$Holder.invokeStaticInit(java.lang.Object, int, int, int, int)'> (0x000000008a26c1f0) thrown at [./src/hotspot/share/interpreter/linkResolver.cpp, line 773]
Event: 3.621 Thread 0x000001acc6cf8800 Exception <a 'java/lang/NoSuchMethodError'{0x000000008a129008}: 'java.lang.Object java.lang.invoke.DirectMethodHandle$Holder.invokeStaticInit(java.lang.Object, java.lang.Object, int, int, int, int)'> (0x000000008a129008) thrown at [./src/hotspot/share/interpreter/linkResolver.cpp, line 773]
Event: 3.671 Thread 0x000001acc6cf8800 Exception <a 'java/security/PrivilegedActionException'{0x000000008a1dbea0}> (0x000000008a1dbea0) thrown at [./src/hotspot/share/prims/jvm.cpp, line 1306]
Event: 3.671 Thread 0x000001acc6cf8800 Exception <a 'java/security/PrivilegedActionException'{0x000000008a1dd5e8}> (0x000000008a1dd5e8) thrown at [./src/hotspot/share/prims/jvm.cpp, line 1306]
Event: 3.672 Thread 0x000001acc6cf8800 Exception <a 'java/security/PrivilegedActionException'{0x000000008a1dec50}> (0x000000008a1dec50) thrown at [./src/hotspot/share/prims/jvm.cpp, line 1306]
Event: 3.673 Thread 0x000001acc6cf8800 Exception <a 'java/security/PrivilegedActionException'{0x000000008a1eb760}> (0x000000008a1eb760) thrown at [./src/hotspot/share/prims/jvm.cpp, line 1306]
Event: 3.673 Thread 0x000001acc6cf8800 Exception <a 'java/security/PrivilegedActionException'{0x000000008a1ecdc0}> (0x000000008a1ecdc0) thrown at [./src/hotspot/share/prims/jvm.cpp, line 1306]
Event: 3.674 Thread 0x000001acc6cf8800 Exception <a 'java/security/PrivilegedActionException'{0x000000008a1ee3e0}> (0x000000008a1ee3e0) thrown at [./src/hotspot/share/prims/jvm.cpp, line 1306]
Event: 4.521 Thread 0x000001ace66f7800 Exception <a 'java/lang/NoSuchMethodError'{0x0000000089be1cb0}: 'int java.lang.invoke.DirectMethodHandle$Holder.invokeSpecialIFC(java.lang.Object, java.lang.Object, int)'> (0x0000000089be1cb0) thrown at [./src/hotspot/share/interpreter/linkResolver.cpp, line 773]
Event: 4.661 Thread 0x000001ace66f7800 Implicit null exception at 0x000001acd6fd7df5 to 0x000001acd6fd7fac
Event: 4.661 Thread 0x000001ace66f7800 Implicit null exception at 0x000001acd70ec775 to 0x000001acd70ec940

Events (20 events):
Event: 4.688 Executing VM operation: RevokeBias done
Event: 4.688 Executing VM operation: RevokeBias
Event: 4.688 Executing VM operation: RevokeBias done
Event: 4.688 Executing VM operation: RevokeBias
Event: 4.688 Executing VM operation: RevokeBias done
Event: 4.688 Executing VM operation: RevokeBias
Event: 4.688 Executing VM operation: RevokeBias done
Event: 4.689 Thread 0x000001ace66f7800 Thread added: 0x000001ace66f7800
Event: 4.690 Thread 0x000001aceac5c800 Thread added: 0x000001aceac5c800
Event: 4.690 Executing VM operation: RevokeBias
Event: 4.690 Executing VM operation: RevokeBias done
Event: 4.690 Executing VM operation: RevokeBias
Event: 4.690 Executing VM operation: RevokeBias done
Event: 4.690 Executing VM operation: RevokeBias
Event: 4.691 Executing VM operation: RevokeBias done
Event: 4.691 Executing VM operation: RevokeBias
Event: 4.691 Executing VM operation: RevokeBias done
Event: 4.691 Thread 0x000001aceac5c800 Thread exited: 0x000001aceac5c800
Event: 4.703 Thread 0x000001ace66f7800 Thread exited: 0x000001ace66f7800
Event: 4.703 Executing VM operation: Exit


Dynamic libraries:
0x00007ff731340000 - 0x00007ff73134d000 	C:\Program Files\Eclipse Adoptium\jdk-11.0.16.101-hotspot\bin\javaw.exe
0x00007ff90a790000 - 0x00007ff90a988000 	C:\Windows\SYSTEM32\ntdll.dll
0x00007ff909030000 - 0x00007ff9090ed000 	C:\Windows\System32\KERNEL32.DLL
0x00007ff9080c0000 - 0x00007ff90838e000 	C:\Windows\System32\KERNELBASE.dll
0x00007ff9083e0000 - 0x00007ff9084e0000 	C:\Windows\System32\ucrtbase.dll
0x00007ff8dd2d0000 - 0x00007ff8dd2e7000 	C:\Program Files\Eclipse Adoptium\jdk-11.0.16.101-hotspot\bin\jli.dll
0x00007ff8dd150000 - 0x00007ff8dd165000 	C:\Program Files\Eclipse Adoptium\jdk-11.0.16.101-hotspot\bin\VCRUNTIME140.dll
0x00007ff909380000 - 0x00007ff909520000 	C:\Windows\System32\USER32.dll
0x00007ff9084e0000 - 0x00007ff908502000 	C:\Windows\System32\win32u.dll
0x00007ff8f37a0000 - 0x00007ff8f3a3a000 	C:\Windows\WinSxS\amd64_microsoft.windows.common-controls_6595b64144ccf1df_6.0.19041.1110_none_60b5254171f9507e\COMCTL32.dll
0x00007ff9087f0000 - 0x00007ff90881a000 	C:\Windows\System32\GDI32.dll
0x00007ff90a6b0000 - 0x00007ff90a74e000 	C:\Windows\System32\msvcrt.dll
0x00007ff9085d0000 - 0x00007ff9086db000 	C:\Windows\System32\gdi32full.dll
0x00007ff9086e0000 - 0x00007ff90877d000 	C:\Windows\System32\msvcp_win.dll
0x00007ff909c20000 - 0x00007ff909c50000 	C:\Windows\System32\IMM32.DLL
0x00007ff8cbd10000 - 0x00007ff8cbdab000 	C:\Program Files\Eclipse Adoptium\jdk-11.0.16.101-hotspot\bin\msvcp140.dll
0x00007ff86dbf0000 - 0x00007ff86e772000 	C:\Program Files\Eclipse Adoptium\jdk-11.0.16.101-hotspot\bin\server\jvm.dll
0x00007ff9092d0000 - 0x00007ff90937e000 	C:\Windows\System32\ADVAPI32.dll
0x00007ff909150000 - 0x00007ff9091ec000 	C:\Windows\System32\sechost.dll
0x00007ff908dc0000 - 0x00007ff908ee5000 	C:\Windows\System32\RPCRT4.dll
0x00007ff9091f0000 - 0x00007ff9091f8000 	C:\Windows\System32\PSAPI.DLL
0x00007ff9034c0000 - 0x00007ff9034c9000 	C:\Windows\SYSTEM32\WSOCK32.dll
0x00007ff8f3c10000 - 0x00007ff8f3c37000 	C:\Windows\SYSTEM32\WINMM.dll
0x00007ff900d90000 - 0x00007ff900d9a000 	C:\Windows\SYSTEM32\VERSION.dll
0x00007ff90a560000 - 0x00007ff90a5cb000 	C:\Windows\System32\WS2_32.dll
0x00007ff9066f0000 - 0x00007ff906702000 	C:\Windows\SYSTEM32\kernel.appcore.dll
0x00007ff902610000 - 0x00007ff902620000 	C:\Program Files\Eclipse Adoptium\jdk-11.0.16.101-hotspot\bin\verify.dll
0x00007ff906410000 - 0x00007ff9065f4000 	C:\Windows\SYSTEM32\DBGHELP.DLL
0x00007ff8f4f00000 - 0x00007ff8f4f2c000 	C:\Windows\SYSTEM32\dbgcore.DLL
0x00007ff908510000 - 0x00007ff908592000 	C:\Windows\System32\bcryptPrimitives.dll
0x00007ff8fef50000 - 0x00007ff8fef78000 	C:\Program Files\Eclipse Adoptium\jdk-11.0.16.101-hotspot\bin\java.dll
0x00007ff902580000 - 0x00007ff90258a000 	C:\Program Files\Eclipse Adoptium\jdk-11.0.16.101-hotspot\bin\jimage.dll
0x00007ff8fef10000 - 0x00007ff8fef28000 	C:\Program Files\Eclipse Adoptium\jdk-11.0.16.101-hotspot\bin\zip.dll
0x00007ff909e10000 - 0x00007ff90a553000 	C:\Windows\System32\SHELL32.dll
0x00007ff905ba0000 - 0x00007ff906335000 	C:\Windows\SYSTEM32\windows.storage.dll
0x00007ff9095d0000 - 0x00007ff909924000 	C:\Windows\System32\combase.dll
0x00007ff907840000 - 0x00007ff907870000 	C:\Windows\SYSTEM32\Wldp.dll
0x00007ff908f80000 - 0x00007ff90902d000 	C:\Windows\System32\SHCORE.dll
0x00007ff909c50000 - 0x00007ff909ca5000 	C:\Windows\System32\shlwapi.dll
0x00007ff907df0000 - 0x00007ff907e0f000 	C:\Windows\SYSTEM32\profapi.dll
0x00007ff8f51e0000 - 0x00007ff8f51f9000 	C:\Program Files\Eclipse Adoptium\jdk-11.0.16.101-hotspot\bin\net.dll
0x00007ff8f69e0000 - 0x00007ff8f6aea000 	C:\Windows\SYSTEM32\WINHTTP.dll
0x00007ff907550000 - 0x00007ff9075ba000 	C:\Windows\system32\mswsock.dll
0x00007ff8f11f0000 - 0x00007ff8f1203000 	C:\Program Files\Eclipse Adoptium\jdk-11.0.16.101-hotspot\bin\nio.dll
0x0000000065580000 - 0x0000000065616000 	C:\Users\Usuario\AppData\Local\Temp\libgdxUsuario\12dfaa03\gdx64.dll
0x00007ff907740000 - 0x00007ff907758000 	C:\Windows\SYSTEM32\CRYPTSP.dll
0x00007ff906ee0000 - 0x00007ff906f14000 	C:\Windows\system32\rsaenh.dll
0x00007ff9085a0000 - 0x00007ff9085c7000 	C:\Windows\System32\bcrypt.dll
0x00007ff907db0000 - 0x00007ff907dde000 	C:\Windows\SYSTEM32\USERENV.dll
0x00007ff907730000 - 0x00007ff90773c000 	C:\Windows\SYSTEM32\CRYPTBASE.dll
0x00007ff907260000 - 0x00007ff90729b000 	C:\Windows\SYSTEM32\IPHLPAPI.DLL
0x00007ff909d10000 - 0x00007ff909d18000 	C:\Windows\System32\NSI.dll
0x00007ff8ff430000 - 0x00007ff8ff447000 	C:\Windows\SYSTEM32\dhcpcsvc6.DLL
0x00007ff9008a0000 - 0x00007ff9008bd000 	C:\Windows\SYSTEM32\dhcpcsvc.DLL
0x00007ff9072a0000 - 0x00007ff90736a000 	C:\Windows\SYSTEM32\DNSAPI.dll
0x0000000180000000 - 0x0000000180053000 	C:\Users\Usuario\AppData\Local\Temp\libgdxUsuario\dc0f0009\lwjgl64.dll
0x00007ff8cc4b0000 - 0x00007ff8cc5d7000 	C:\Windows\SYSTEM32\OPENGL32.dll
0x00007ff8ccc90000 - 0x00007ff8cccbc000 	C:\Windows\SYSTEM32\GLU32.dll
0x000001acea260000 - 0x000001acea2c4000 	C:\Users\Usuario\AppData\Local\Temp\libgdxUsuario\dc0f0009\OpenAL64.dll
0x00007ff908c90000 - 0x00007ff908dba000 	C:\Windows\System32\ole32.dll
0x00007ff9054e0000 - 0x00007ff90557e000 	C:\Windows\system32\uxtheme.dll
0x00007ff909520000 - 0x00007ff9095c9000 	C:\Windows\System32\clbcatq.dll
0x00007ff8cbc70000 - 0x00007ff8cbd0c000 	C:\Windows\SYSTEM32\dsound.dll
0x00007ff907d20000 - 0x00007ff907d6b000 	C:\Windows\SYSTEM32\powrprof.dll
0x00007ff8f2d60000 - 0x00007ff8f2d86000 	C:\Windows\SYSTEM32\winmmbase.dll
0x00007ff907d00000 - 0x00007ff907d12000 	C:\Windows\SYSTEM32\UMPDC.dll
0x00007ff9000c0000 - 0x00007ff900145000 	C:\Windows\System32\MMDevApi.dll
0x00007ff907b90000 - 0x00007ff907bbc000 	C:\Windows\System32\DEVOBJ.dll
0x00007ff908390000 - 0x00007ff9083de000 	C:\Windows\System32\cfgmgr32.dll
0x00007ff8ffde0000 - 0x00007ff8fff62000 	C:\Windows\SYSTEM32\AUDIOSES.DLL
0x00007ff909200000 - 0x00007ff9092cd000 	C:\Windows\System32\OLEAUT32.dll
0x00007ff9055d0000 - 0x00007ff9055e4000 	C:\Windows\SYSTEM32\resourcepolicyclient.dll
0x00007ff902650000 - 0x00007ff9026fe000 	C:\Windows\SYSTEM32\mscms.dll
0x00007ff9024d0000 - 0x00007ff9024e1000 	C:\Windows\SYSTEM32\ColorAdapterClient.dll
0x00007ff8fe4f0000 - 0x00007ff8fe533000 	C:\Windows\System32\Windows.Internal.Graphics.Display.DisplayColorManagement.dll
0x00007ff909930000 - 0x00007ff909a45000 	C:\Windows\System32\MSCTF.dll
0x00007ff900bd0000 - 0x00007ff900cc7000 	C:\Windows\System32\AppXDeploymentClient.dll
0x00007ff85b190000 - 0x00007ff85c1b5000 	C:\Windows\System32\DriverStore\FileRepository\iigd_dch.inf_amd64_4b31d9b38e2bb506\ig11icd64.dll
0x00007ff9056d0000 - 0x00007ff9056ff000 	C:\Windows\system32\dwmapi.dll
0x00007ff906760000 - 0x00007ff906853000 	C:\Windows\system32\dxgi.dll
0x00007ff8819b0000 - 0x00007ff881dec000 	C:\Windows\System32\DriverStore\FileRepository\iigd_dch.inf_amd64_4b31d9b38e2bb506\igdml64.dll
0x00007ff8fa5d0000 - 0x00007ff8fa906000 	C:\Windows\System32\DriverStore\FileRepository\iigd_dch.inf_amd64_4b31d9b38e2bb506\igdgmm64.dll
0x00007ff8fd810000 - 0x00007ff8fd909000 	C:\Windows\SYSTEM32\textinputframework.dll
0x00007ff904f60000 - 0x00007ff905052000 	C:\Windows\System32\CoreMessaging.dll
0x00007ff904c00000 - 0x00007ff904f5e000 	C:\Windows\System32\CoreUIComponents.dll
0x00007ff904530000 - 0x00007ff904684000 	C:\Windows\SYSTEM32\wintypes.dll
0x00007ff906b70000 - 0x00007ff906ba3000 	C:\Windows\SYSTEM32\ntmarta.dll
0x00007ff894b60000 - 0x00007ff894ba3000 	C:\Windows\SYSTEM32\icm32.dll
0x00007ff8f74c0000 - 0x00007ff8fa24f000 	C:\Windows\System32\DriverStore\FileRepository\iigd_dch.inf_amd64_4b31d9b38e2bb506\igc64.dll

dbghelp: loaded successfully - version: 4.0.5 - missing functions: none
symbol engine: initialized successfully - sym options: 0x614 - pdb path: .;C:\Program Files\Eclipse Adoptium\jdk-11.0.16.101-hotspot\bin;C:\Windows\SYSTEM32;C:\Windows\WinSxS\amd64_microsoft.windows.common-controls_6595b64144ccf1df_6.0.19041.1110_none_60b5254171f9507e;C:\Program Files\Eclipse Adoptium\jdk-11.0.16.101-hotspot\bin\server;C:\Users\Usuario\AppData\Local\Temp\libgdxUsuario\12dfaa03;C:\Users\Usuario\AppData\Local\Temp\libgdxUsuario\dc0f0009;C:\Windows\System32\DriverStore\FileRepository\iigd_dch.inf_amd64_4b31d9b38e2bb506

VM Arguments:
jvm_args: -Duser.language=es_ES -Dfile.encoding=UTF-8 
java_command: org.uqbar.project.wollok.launch.WollokLauncher -requestsPort 0 -eventsPort 0 -folder -dontValidate -wf src/juego.wpgm
java_class_path (initial): C:\Users\Usuario\Documents\Valentina\2doAno\ParadigmasDeProgramacion\2022-tpgame-equiposigma\bin;C:\Users\Usuario\Desktop\Wollok\plugins\com.ibm.icu_64.2.0.v20190507-1337.jar;C:\Users\Usuario\Desktop\Wollok\plugins\org.eclipse.xtext_2.20.0.v20191202-0915.jar;C:\Users\Usuario\Desktop\Wollok\plugins\org.eclipse.emf.ecore.xmi_2.16.0.v20190528-0725.jar;C:\Users\Usuario\Desktop\Wollok\plugins\org.eclipse.emf.ecore_2.20.0.v20190920-0401.jar;C:\Users\Usuario\Desktop\Wollok\plugins\org.eclipse.emf.common_2.17.0.v20190920-0401.jar;C:\Users\Usuario\Desktop\Wollok\plugins\org.antlr.runtime_3.2.0.v201101311130.jar;C:\Users\Usuario\Desktop\Wollok\plugins\com.google.inject_3.0.0.v201605172100.jar;C:\Users\Usuario\Desktop\Wollok\plugins\org.eclipse.emf.mwe.core_1.5.1.v20191121-1148.jar;C:\Users\Usuario\Desktop\Wollok\plugins\org.apache.commons.cli_1.2.0.v201404270220.jar;C:\Users\Usuario\Desktop\Wollok\plugins\org.eclipse.emf.mwe2.runtime_2.11.1.v20191121-1148.jar;C:\Users\Usuario\Desktop\Wollok\plugins\org.eclipse.emf.mwe.utils_1.5.1.v20191121-1148.jar;C:\Users\Usuario\Desktop\Wollok\plugins\org.eclipse.xtext.util_2.20.0.v20191202-0915.jar;C:\Users\Usuario\Desktop\Wollok\plugins\com.google.guava_27.1.0.v20190517-1946.jar;C:\Users\Usuario\Desktop\Wollok\plugins\javax.inject_1.0.0.v20091030.jar;C:\Users\Usuario\Desktop\Wollok\plugins\org.eclipse.xtext.generator_2.20.0.v20191202-0933.jar;C:\Users\Usuario\Desktop\Wollok\plugins\org.eclipse.xtext.xtext.generator_2.20.0.v20191202-0915.jar;C:\Users\Usuario\Desktop\Wollok\plugins\org.eclipse.xtext.xbase.lib_2.20.0.v20191202-0907.jar;C:\Users\Usuario\Desktop\Wollok\plugins\org.eclipse.emf.codegen.ecore_2.20.0.v20191012-0918.jar;C:\Users\Usuario\Desktop\Wollok\plugins\org.eclipse.emf.codegen_2.19.0.v20190821-1536.jar;C:\Users\Usuario\Desktop\Wollok\plugins\org.eclipse.xtend_2.2.0.v201605260315.jar;C:\Users\Usuario\Desktop\Wollok\plugins\org.eclipse.xpand_2.2.0.v201605260315.jar;C:\Users\Usuario\Desktop\Wollok\p
Launcher Type: SUN_STANDARD

[Global flags]
     intx CICompilerCount                          = 4                                         {product} {ergonomic}
     uint ConcGCThreads                            = 2                                         {product} {ergonomic}
     uint G1ConcRefinementThreads                  = 8                                         {product} {ergonomic}
   size_t G1HeapRegionSize                         = 1048576                                   {product} {ergonomic}
    uintx GCDrainStackTargetSize                   = 64                                        {product} {ergonomic}
   size_t InitialHeapSize                          = 130023424                                 {product} {ergonomic}
   size_t MarkStackSize                            = 4194304                                   {product} {ergonomic}
   size_t MaxHeapSize                              = 2080374784                                {product} {ergonomic}
   size_t MaxNewSize                               = 1247805440                                {product} {ergonomic}
   size_t MinHeapDeltaBytes                        = 1048576                                   {product} {ergonomic}
    uintx NonNMethodCodeHeapSize                   = 5836300                                {pd product} {ergonomic}
    uintx NonProfiledCodeHeapSize                  = 122910970                              {pd product} {ergonomic}
    uintx ProfiledCodeHeapSize                     = 122910970                              {pd product} {ergonomic}
    uintx ReservedCodeCacheSize                    = 251658240                              {pd product} {ergonomic}
     bool SegmentedCodeCache                       = true                                      {product} {ergonomic}
     bool UseCompressedClassPointers               = true                                 {lp64_product} {ergonomic}
     bool UseCompressedOops                        = true                                 {lp64_product} {ergonomic}
     bool UseG1GC                                  = true                                      {product} {ergonomic}
     bool UseLargePagesIndividualAllocation        = false                                  {pd product} {ergonomic}

Logging:
Log output configuration:
 #0: stdout all=warning uptime,level,tags
 #1: stderr all=off uptime,level,tags

Environment Variables:
PATH=C:/Program Files/Eclipse Adoptium/jdk-11.0.16.101-hotspot/bin/client;C:/Program Files/Eclipse Adoptium/jdk-11.0.16.101-hotspot/bin;C:\Program Files\Eclipse Adoptium\jdk-11.0.16.101-hotspot\bin;C:\Windows\system32;C:\Windows;C:\Windows\System32\Wbem;C:\Windows\System32\WindowsPowerShell\v1.0\;C:\Windows\System32\OpenSSH\;C:\Program Files (x86)\Calibre2\;C:\Program Files\dotnet\;C:\Program Files\Microsoft SQL Server\130\Tools\Binn\;C:\Program Files\Microsoft SQL Server\Client SDK\ODBC\170\Tools\Binn\;C:\Program Files\Microsoft SQL Server\150\Tools\Binn\;C:\Program Files (x86)\Microsoft SQL Server\150\Tools\Binn\;C:\Program Files\Microsoft SQL Server\150\DTS\Binn\;C:\Program Files (x86)\Microsoft SQL Server\150\DTS\Binn\;C:\Program Files\Azure Data Studio\bin;C:\Program Files\Git\cmd;C:\Program Files\swipl\bin;C:\Program Files\Docker\Docker\resources\bin;C:\ProgramData\DockerDesktop\version-bin;C:\MinGW\bin;C:\GnuWin32\bin;C:\Program Files\swipl\bin;C:\Users\Usuario\AppData\Local\Programs\Python\Python310\Scripts\;C:\Users\Usuario\AppData\Local\Programs\Python\Python310\;C:\Users\Usuario\AppData\Local\Microsoft\WindowsApps;C:\Users\Usuario\.dotnet\tools;C:\Users\Usuario\AppData\Local\Programs\Microsoft VS Code\bin;C:\Program Files\Azure Data Studio\bin;;C:\Users\Usuario\Desktop\Wollok;
USERNAME=Usuario
OS=Windows_NT
PROCESSOR_IDENTIFIER=Intel64 Family 6 Model 126 Stepping 5, GenuineIntel
TMP=C:\Users\Usuario\AppData\Local\Temp
TEMP=C:\Users\Usuario\AppData\Local\Temp



---------------  S Y S T E M  ---------------

OS: Windows 10 , 64 bit Build 19041 (10.0.19041.1889)
OS uptime: 2 days 18:01 hours
Hyper-V role detected

CPU:total 8 (initial active 8) (4 cores per cpu, 2 threads per core) family 6 model 126 stepping 5 microcode 0xa0, cmov, cx8, fxsr, mmx, sse, sse2, sse3, ssse3, sse4.1, sse4.2, popcnt, avx, avx2, aes, clmul, erms, 3dnowpref, lzcnt, ht, tsc, tscinvbit, bmi1, bmi2, adx, evex, sha, fma

Memory: 4k page, system-wide physical 7934M (1928M free)
TotalPageFile size 17150M (AvailPageFile size 5068M)
current process WorkingSet (physical memory assigned to process): 301M, peak: 303M
current process commit charge ("private bytes"): 327M, peak: 328M

vm_info: OpenJDK 64-Bit Server VM (11.0.16.1+1) for windows-amd64 JRE (11.0.16.1+1), built on Aug 16 2022 02:58:04 by "" with MS VC++ 15.9 (VS2017)

END.
